2025-01-01 17:53:41 [main] INFO  com.breno.vocabulary.VocabularyApplication - Starting VocabularyApplication using Java 17.0.9 with PID 13297 (/home/breno/Documents/portfolio/vocabulary/target/classes started by breno in /home/breno/Documents/portfolio/vocabulary)
2025-01-01 17:53:41 [main] INFO  com.breno.vocabulary.VocabularyApplication - No active profile set, falling back to 1 default profile: "default"
2025-01-01 17:53:41 [main] INFO  org.springframework.boot.web.embedded.tomcat.TomcatWebServer - Tomcat initialized with port 8080 (http)
2025-01-01 17:53:41 [main] INFO  org.apache.coyote.http11.Http11NioProtocol - Initializing ProtocolHandler ["http-nio-8080"]
2025-01-01 17:53:41 [main] INFO  org.apache.catalina.core.StandardService - Starting service [Tomcat]
2025-01-01 17:53:41 [main] INFO  org.apache.catalina.core.StandardEngine - Starting Servlet engine: [Apache Tomcat/10.1.34]
2025-01-01 17:53:41 [main] INFO  org.apache.catalina.core.ContainerBase.[Tomcat].[localhost].[/] - Initializing Spring embedded WebApplicationContext
2025-01-01 17:53:41 [main] INFO  org.springframework.boot.web.servlet.context.ServletWebServerApplicationContext - Root WebApplicationContext: initialization completed in 553 ms
2025-01-01 17:53:42 [main] INFO  org.quartz.impl.StdSchedulerFactory - Using default implementation for ThreadExecutor
2025-01-01 17:53:42 [main] INFO  org.quartz.core.SchedulerSignalerImpl - Initialized Scheduler Signaller of type: class org.quartz.core.SchedulerSignalerImpl
2025-01-01 17:53:42 [main] INFO  org.quartz.core.QuartzScheduler - Quartz Scheduler v.2.3.2 created.
2025-01-01 17:53:42 [main] INFO  org.quartz.simpl.RAMJobStore - RAMJobStore initialized.
2025-01-01 17:53:42 [main] INFO  org.quartz.core.QuartzScheduler - Scheduler meta-data: Quartz Scheduler (v2.3.2) 'schedulerFactoryBean' with instanceId 'NON_CLUSTERED'
  Scheduler class: 'org.quartz.core.QuartzScheduler' - running locally.
  NOT STARTED.
  Currently in standby mode.
  Number of jobs executed: 0
  Using thread pool 'org.quartz.simpl.SimpleThreadPool' - with 10 threads.
  Using job-store 'org.quartz.simpl.RAMJobStore' - which does not support persistence. and is not clustered.

2025-01-01 17:53:42 [main] INFO  org.quartz.impl.StdSchedulerFactory - Quartz scheduler 'schedulerFactoryBean' initialized from an externally provided properties instance.
2025-01-01 17:53:42 [main] INFO  org.quartz.impl.StdSchedulerFactory - Quartz scheduler version: 2.3.2
2025-01-01 17:53:42 [main] INFO  org.quartz.core.QuartzScheduler - JobFactory set to: com.breno.vocabulary.config.QuartzConfig$AutowiringSpringBeanJobFactory@6eb7f8ae
2025-01-01 17:53:42 [main] INFO  org.apache.coyote.http11.Http11NioProtocol - Starting ProtocolHandler ["http-nio-8080"]
2025-01-01 17:53:42 [main] INFO  org.springframework.boot.web.embedded.tomcat.TomcatWebServer - Tomcat started on port 8080 (http) with context path '/'
2025-01-01 17:53:42 [main] INFO  org.springframework.scheduling.quartz.SchedulerFactoryBean - Starting Quartz Scheduler now
2025-01-01 17:53:42 [main] INFO  org.quartz.core.QuartzScheduler - Scheduler schedulerFactoryBean_$_NON_CLUSTERED started.
2025-01-01 17:53:42 [main] INFO  com.breno.vocabulary.VocabularyApplication - Started VocabularyApplication in 1.131 seconds (process running for 1.671)
2025-01-01 17:54:00 [schedulerFactoryBean_Worker-1] INFO  com.breno.vocabulary.quartz.ExecuteJob - Starting job execution
2025-01-01 17:54:00 [schedulerFactoryBean_Worker-1] INFO  com.breno.vocabulary.quartz.ExecuteJob - Job executed successfully
2025-01-01 17:54:32 [SpringApplicationShutdownHook] INFO  org.quartz.core.QuartzScheduler - Scheduler schedulerFactoryBean_$_NON_CLUSTERED paused.
2025-01-01 17:54:32 [SpringApplicationShutdownHook] INFO  org.springframework.boot.web.embedded.tomcat.GracefulShutdown - Commencing graceful shutdown. Waiting for active requests to complete
2025-01-01 17:54:32 [tomcat-shutdown] INFO  org.springframework.boot.web.embedded.tomcat.GracefulShutdown - Graceful shutdown complete
2025-01-01 17:54:32 [SpringApplicationShutdownHook] INFO  org.springframework.scheduling.quartz.SchedulerFactoryBean - Shutting down Quartz Scheduler
2025-01-01 17:54:32 [SpringApplicationShutdownHook] INFO  org.quartz.core.QuartzScheduler - Scheduler schedulerFactoryBean_$_NON_CLUSTERED shutting down.
2025-01-01 17:54:32 [SpringApplicationShutdownHook] INFO  org.quartz.core.QuartzScheduler - Scheduler schedulerFactoryBean_$_NON_CLUSTERED paused.
2025-01-01 17:54:32 [SpringApplicationShutdownHook] INFO  org.quartz.core.QuartzScheduler - Scheduler schedulerFactoryBean_$_NON_CLUSTERED shutdown complete.
